<?xml version="1.0" encoding="UTF-8"?>
<testExecutions version="1">
  <file path="C:\Users\fgrazian\Desktop\Lavoro\idpay-portal-welfare-frontend\src\decorators\__tests__\withSelectedParty.test.tsx">
    <testCase name="Test default behavior when no parties" duration="97"/>
    <testCase name="Test party not active" duration="88"/>
  </file>
  <file path="C:\Users\fgrazian\Desktop\Lavoro\idpay-portal-welfare-frontend\src\decorators\__tests__\withSelectedPartyProducts.test.tsx">
    <testCase name="Test default behavior when no parties" duration="79"/>
  </file>
  <file path="C:\Users\fgrazian\Desktop\Lavoro\idpay-portal-welfare-frontend\src\components\Wizard\components\StepTwo\__test__\Generalnfo.test.tsx">
    <testCase name="&lt;Genaralnfo /&gt; renders without crashing" duration="2"/>
    <testCase name="&lt;Genaralnfo /&gt; should display the first form, with validation on input data" duration="353"/>
    <testCase name="&lt;Genaralnfo /&gt; call the formik handleSubmit event when form is submitted" duration="153"/>
    <testCase name="&lt;Genaralnfo /&gt; call the submit event when form is submitted" duration="630"/>
    <testCase name="&lt;Genaralnfo /&gt; draft action makes the dispatch" duration="188"/>
    <testCase name="&lt;Genaralnfo /&gt; Form Fields not null" duration="132"/>
    <testCase name="&lt;Genaralnfo /&gt; BeneficiaryTypes / BeneficiaryKnowns have the correct values" duration="201"/>
    <testCase name="&lt;Genaralnfo /&gt; Total Budget / Budget per Person Test" duration="296"/>
    <testCase name="&lt;Genaralnfo /&gt; Date Join / Spend Test" duration="411"/>
  </file>
  <file path="C:\Users\fgrazian\Desktop\Lavoro\idpay-portal-welfare-frontend\src\components\Wizard\Wizard.test.tsx">
    <testCase name="&lt;RefundRules /&gt; renders without crashing" duration="1"/>
    <testCase name="&lt;RefundRules /&gt; should display the Wizard component" duration="367"/>
  </file>
  <file path="C:\Users\fgrazian\Desktop\Lavoro\idpay-portal-welfare-frontend\src\components\Wizard\components\StepFour\__test__\MCCItem.test.tsx">
    <testCase name="&lt;MCCItem /&gt; renders without crashing" duration="0"/>
    <testCase name="&lt;MCCItem /&gt; should render correctly the MCCItem component" duration="175"/>
    <testCase name="&lt;MCCItem /&gt; call the submit event when form is submitted" duration="396"/>
    <testCase name="&lt;MCCItem /&gt; draf action makes the dispatch" duration="138"/>
    <testCase name="&lt;MCCItem /&gt; test on handleSubmit" duration="40"/>
  </file>
  <file path="C:\Users\fgrazian\Desktop\Lavoro\idpay-portal-welfare-frontend\src\components\Wizard\components\StepThree\__test__\ManualCriteria.test.tsx">
    <testCase name="&lt;DateOfBirthCriteriaItem /&gt; renders without crashing" duration="0"/>
    <testCase name="&lt;DateOfBirthCriteriaItem /&gt; Should display ManualCriteria and must have a correct validation" duration="130"/>
    <testCase name="&lt;DateOfBirthCriteriaItem /&gt; call the submit event when form is submitted" duration="585"/>
    <testCase name="&lt;DateOfBirthCriteriaItem /&gt; Test DateOfBirthCriteriaItem onClick delete button" duration="66"/>
    <testCase name="&lt;DateOfBirthCriteriaItem /&gt; Test manualCriteriaSelectName Select onChange" duration="42"/>
    <testCase name="&lt;DateOfBirthCriteriaItem /&gt; Test manualCriteriaSelectName TextFields" duration="45"/>
    <testCase name="&lt;DateOfBirthCriteriaItem /&gt; Test Add/Remove Manual criteria Multi item" duration="38"/>
  </file>
  <file path="C:\Users\fgrazian\Desktop\Lavoro\idpay-portal-welfare-frontend\src\components\Wizard\components\StepFour\__test__\ShopRules.test.tsx">
    <testCase name="&lt;RefundRules /&gt; renders without crashing" duration="0"/>
    <testCase name="&lt;RefundRules /&gt; should render correctly the ShopRules component" duration="109"/>
    <testCase name="&lt;RefundRules /&gt; call the submit event when form is submitted" duration="259"/>
    <testCase name="&lt;RefundRules /&gt; draf action makes the dispatch" duration="126"/>
    <testCase name="&lt;RefundRules /&gt; test on handleSubmit" duration="26"/>
  </file>
  <file path="C:\Users\fgrazian\Desktop\Lavoro\idpay-portal-welfare-frontend\src\components\Wizard\components\StepOne\__test__\ServiceConfig.test.tsx">
    <testCase name="&lt;ServiceConfig /&gt; renders without crashing" duration="0"/>
    <testCase name="&lt;ServiceConfig /&gt; should display the first form, with validation on input data" duration="264"/>
    <testCase name="&lt;ServiceConfig /&gt; call the formik handleSubmit event when form is submitted" duration="106"/>
    <testCase name="&lt;ServiceConfig /&gt; call the submit event when form is submitted" duration="333"/>
    <testCase name="&lt;ServiceConfig /&gt; draft action makes the dispatch" duration="166"/>
    <testCase name="&lt;ServiceConfig /&gt; form fields not to be null" duration="232"/>
  </file>
  <file path="C:\Users\fgrazian\Desktop\Lavoro\idpay-portal-welfare-frontend\src\components\Wizard\components\StepThree\__test__\DateOfBirthCriteriaItem.test.tsx">
    <testCase name="&lt;DateOfBirthCriteriaItem /&gt; renders without crashing" duration="2"/>
    <testCase name="&lt;DateOfBirthCriteriaItem /&gt; Should display the DateOfBirth item and must have a correct validation" duration="274"/>
    <testCase name="&lt;DateOfBirthCriteriaItem /&gt; call the submit event when form is submitted" duration="703"/>
    <testCase name="&lt;DateOfBirthCriteriaItem /&gt; Test on DateOfBirthCriteriaItem" duration="136"/>
    <testCase name="&lt;DateOfBirthCriteriaItem /&gt; Test DateOfBirthCriteriaItem onClick delete button" duration="236"/>
    <testCase name="&lt;DateOfBirthCriteriaItem /&gt; Test DateOfBirthCriteriaItem Select onChange" duration="164"/>
    <testCase name="&lt;DateOfBirthCriteriaItem /&gt; Test DateOfBirthCriteriaItem RelationSelect onChange" duration="112"/>
    <testCase name="&lt;DateOfBirthCriteriaItem /&gt; Test DateOfBirthCriteriaItem TextField dateOfBirthStartValue/dateOfBirthEndValue" duration="124"/>
  </file>
  <file path="C:\Users\fgrazian\Desktop\Lavoro\idpay-portal-welfare-frontend\src\components\Wizard\components\StepThree\__test__\ResidencyCriteriaItem.test.tsx">
    <testCase name="&lt;ResidencyCriteriaItem /&gt; renders without crashing" duration="2"/>
    <testCase name="&lt;ResidencyCriteriaItem /&gt; Should display the Residency item and must have a correct validation" duration="328"/>
    <testCase name="&lt;ResidencyCriteriaItem /&gt; call the submit event when form is submitted" duration="620"/>
    <testCase name="&lt;ResidencyCriteriaItem /&gt; Test on ResidencyCriteriaItem" duration="92"/>
    <testCase name="&lt;ResidencyCriteriaItem /&gt; Test DateOfBirthCriteriaItem onClick delete button" duration="88"/>
    <testCase name="&lt;ResidencyCriteriaItem /&gt; Test DateOfBirthCriteriaItem Select onChange" duration="81"/>
    <testCase name="&lt;ResidencyCriteriaItem /&gt; Test DateOfBirthCriteriaItem RelationSelect onChange" duration="52"/>
    <testCase name="&lt;ResidencyCriteriaItem /&gt; Test ResidencyCriteria TextField residencyValue" duration="132"/>
  </file>
  <file path="C:\Users\fgrazian\Desktop\Lavoro\idpay-portal-welfare-frontend\src\__tests__\App.test.tsx">
    <testCase name="Test rendering" duration="654"/>
    <testCase name="Test rendering dashboard parties loaded" duration="150"/>
    <testCase name="Test routing " duration="144"/>
  </file>
  <file path="C:\Users\fgrazian\Desktop\Lavoro\idpay-portal-welfare-frontend\src\components\Wizard\components\StepFour\__test__\PercentageRecognizedItem.test.tsx">
    <testCase name="&lt;PercentageRecognizedItem /&gt; renders without crashing" duration="1"/>
    <testCase name="&lt;PercentageRecognizedItem /&gt; should render correctly the PercentageRecognizedItem component" duration="131"/>
    <testCase name="&lt;PercentageRecognizedItem /&gt; call the submit event when form is submitted" duration="459"/>
    <testCase name="&lt;PercentageRecognizedItem /&gt; draf action makes the dispatch" duration="241"/>
    <testCase name="&lt;PercentageRecognizedItem /&gt; test on handleSubmit" duration="56"/>
  </file>
  <file path="C:\Users\fgrazian\Desktop\Lavoro\idpay-portal-welfare-frontend\src\components\Wizard\components\StepFour\__test__\TimeLimitItem.test.tsx">
    <testCase name="&lt;TimeLimitItem /&gt; renders without crashing" duration="1"/>
    <testCase name="&lt;TimeLimitItem /&gt; should render correctly the TimeLimitItem component" duration="249"/>
    <testCase name="&lt;TimeLimitItem /&gt; call the submit event when form is submitted" duration="446"/>
    <testCase name="&lt;TimeLimitItem /&gt; draf action makes the dispatch" duration="203"/>
    <testCase name="&lt;TimeLimitItem /&gt; test on handleSubmit" duration="67"/>
  </file>
  <file path="C:\Users\fgrazian\Desktop\Lavoro\idpay-portal-welfare-frontend\src\components\Wizard\components\StepThree\__test__\AdmissionCriteria.test.tsx">
    <testCase name="&lt;AdmissionCriteria /&gt; renders without crashing" duration="2"/>
    <testCase name="&lt;AdmissionCriteria /&gt; should display the second step, with validation on input data" duration="122"/>
    <testCase name="&lt;AdmissionCriteria /&gt; call the submit event when form is submitted" duration="446"/>
    <testCase name="&lt;AdmissionCriteria /&gt; draf action makes the dispatch" duration="227"/>
    <testCase name="&lt;AdmissionCriteria /&gt; Test onClick of &quot;Sfoglia Criteri&quot; to open the modal must be true" duration="324"/>
  </file>
  <file path="C:\Users\fgrazian\Desktop\Lavoro\idpay-portal-welfare-frontend\src\components\Wizard\components\StepFive\__test__\RefundRules.test.tsx">
    <testCase name="&lt;RefundRules /&gt; renders without crashing" duration="2"/>
    <testCase name="&lt;RefundRules /&gt; should display the third step component" duration="228"/>
    <testCase name="&lt;RefundRules /&gt; call the submit event when form is submitted" duration="602"/>
    <testCase name="&lt;RefundRules /&gt; draf action makes the dispatch" duration="207"/>
    <testCase name="&lt;RefundRules /&gt; test on handleSubmit" duration="78"/>
    <testCase name="&lt;RefundRules /&gt; form fields not null" duration="54"/>
    <testCase name="&lt;RefundRules /&gt; Test AccumulatedAmount Select onChange" duration="266"/>
    <testCase name="&lt;RefundRules /&gt; Test TimeParameter Select onChange" duration="306"/>
    <testCase name="&lt;RefundRules /&gt; Test AdditionalInfo onChange" duration="98"/>
  </file>
  <file path="C:\Users\fgrazian\Desktop\Lavoro\idpay-portal-welfare-frontend\src\components\Wizard\components\StepFour\__test__\SpendingLimitItem.test.tsx">
    <testCase name="&lt;SpendingLimitItem /&gt; renders without crashing" duration="12"/>
    <testCase name="&lt;SpendingLimitItem /&gt; should render correctly the SpendingLimitItem component" duration="176"/>
    <testCase name="&lt;SpendingLimitItem /&gt; call the submit event when form is submitted" duration="660"/>
    <testCase name="&lt;SpendingLimitItem /&gt; draf action makes the dispatch" duration="251"/>
    <testCase name="&lt;SpendingLimitItem /&gt; test on handleSubmit" duration="82"/>
  </file>
  <file path="C:\Users\fgrazian\Desktop\Lavoro\idpay-portal-welfare-frontend\src\components\Wizard\components\StepFour\__test__\TransactionTimeItem.test.tsx">
    <testCase name="&lt;TransactionTimeItem /&gt; renders without crashing" duration="1"/>
    <testCase name="&lt;TransactionTimeItem /&gt; should render correctly the TransactionTimeItem component" duration="154"/>
    <testCase name="&lt;TransactionTimeItem /&gt; call the submit event when form is submitted" duration="286"/>
    <testCase name="&lt;TransactionTimeItem /&gt; draf action makes the dispatch" duration="136"/>
    <testCase name="&lt;TransactionTimeItem /&gt; test on handleSubmit" duration="64"/>
  </file>
  <file path="C:\Users\fgrazian\Desktop\Lavoro\idpay-portal-welfare-frontend\src\components\Wizard\components\StepFour\__test__\TransactionNumberItem.test.tsx">
    <testCase name="&lt;TransactionNumberItem /&gt; renders without crashing" duration="1"/>
    <testCase name="&lt;TransactionNumberItem /&gt; should render correctly the TransactionNumberItem component" duration="109"/>
    <testCase name="&lt;TransactionNumberItem /&gt; call the submit event when form is submitted" duration="266"/>
    <testCase name="&lt;TransactionNumberItem /&gt; draf action makes the dispatch" duration="276"/>
    <testCase name="&lt;TransactionNumberItem /&gt; test on handleSubmit" duration="54"/>
  </file>
  <file path="C:\Users\fgrazian\Desktop\Lavoro\idpay-portal-welfare-frontend\src\components\Wizard\components\StepThree\__test__\IseeCriteriaItem.test.tsx">
    <testCase name="&lt;IseeCriteriaItem /&gt; Should display the Isee item and must have a correct validation" duration="131"/>
    <testCase name="&lt;IseeCriteriaItem /&gt; Test on IseeCriteriaItem" duration="51"/>
    <testCase name="&lt;IseeCriteriaItem /&gt; Test iseeCriteria onClick delete button" duration="105"/>
    <testCase name="&lt;IseeCriteriaItem /&gt; Test iseeCriteria Select onChange" duration="57"/>
    <testCase name="&lt;IseeCriteriaItem /&gt; Test iseeCriteria TextField iseeStartValue/IseeEndValue" duration="49"/>
  </file>
  <file path="C:\Users\fgrazian\Desktop\Lavoro\idpay-portal-welfare-frontend\src\components\Wizard\components\StepFour\__test__\ShopRulesModal.test.tsx">
    <testCase name="&lt;ShopRulesModal /&gt; should render correctly the ShopRulesModal component" duration="22"/>
  </file>
  <file path="C:\Users\fgrazian\Desktop\Lavoro\idpay-portal-welfare-frontend\src\components\Wizard\components\StepThree\__test__\AdmissionCriteriaModal.test.tsx">
    <testCase name="&lt;AdmissionCriteriaModal /&gt; Should display the Modal" duration="19"/>
    <testCase name="&lt;AdmissionCriteriaModal /&gt; CheckBox Admission Criteria test" duration="8"/>
    <testCase name="&lt;AdmissionCriteriaModal /&gt; test Search Criteria TextField" duration="5"/>
  </file>
  <file path="C:\Users\fgrazian\Desktop\Lavoro\idpay-portal-welfare-frontend\src\components\Wizard\components\StepFour\__test__\MCCModal.test.tsx">
    <testCase name="&lt;MCCModal /&gt; should render correctly the MCCModal component" duration="20"/>
  </file>
  <file path="C:\Users\fgrazian\Desktop\Lavoro\idpay-portal-welfare-frontend\src\decorators\__tests__\withParties.test.tsx">
    <testCase name="Test" duration="92"/>
  </file>
  <file path="C:\Users\fgrazian\Desktop\Lavoro\idpay-portal-welfare-frontend\src\pages\auth\__tests__\Auth.test.tsx">
    <testCase name="test login success" duration="19"/>
    <testCase name="test login success no token" duration="21"/>
  </file>
  <file path="C:\Users\fgrazian\Desktop\Lavoro\idpay-portal-welfare-frontend\src\decorators\__tests__\withLogin.test.tsx">
    <testCase name="Test no auth session" duration="28"/>
    <testCase name="Test auth session" duration="8"/>
  </file>
  <file path="C:\Users\fgrazian\Desktop\Lavoro\idpay-portal-welfare-frontend\src\services\__tests__\initiativeService.test.ts">
    <testCase name="test get initiative summary" duration="2"/>
    <testCase name="test get initiative by id" duration="1"/>
    <testCase name="create initiative" duration="0"/>
    <testCase name="update initiative (service info)" duration="1"/>
    <testCase name="update initiative (general info)" duration="0"/>
    <testCase name="update initiative draft (general info)" duration="1"/>
    <testCase name="update initiative (beneficiary rule)" duration="0"/>
    <testCase name="update initiative draft (beneficiary rule)" duration="0"/>
    <testCase name="update initiative (reward rules)" duration="0"/>
    <testCase name="update initiative draft (reward rules)" duration="0"/>
    <testCase name="update initiative (Refund Rules)" duration="1"/>
    <testCase name="update initiative draft (Refund Rules)" duration="0"/>
    <testCase name="test trascodeRewardRule using RewardGroupDTO" duration="2"/>
    <testCase name="test trascodeRewardRule using RewardValueDTO" duration="0"/>
    <testCase name="test trascodeRewardRule using null" duration="0"/>
    <testCase name="test trascodeRewardRule using invalid type" duration="0"/>
  </file>
  <file path="C:\Users\fgrazian\Desktop\Lavoro\idpay-portal-welfare-frontend\src\utils\__tests__\io-utils.test.ts">
    <testCase name="test decode successful" duration="3"/>
    <testCase name="test decode with error" duration="0"/>
  </file>
  <file path="C:\Users\fgrazian\Desktop\Lavoro\idpay-portal-welfare-frontend\src\services\__tests__\productService.test.ts">
    <testCase name="Test fetchProducts" duration="1"/>
  </file>
  <file path="C:\Users\fgrazian\Desktop\Lavoro\idpay-portal-welfare-frontend\src\services\__tests__\partyService.test.ts">
    <testCase name="Test fetchParties" duration="1"/>
    <testCase name="Test fetchPartyDetails Test no parties as cache" duration="0"/>
    <testCase name="Test fetchPartyDetails Test parties as cache" duration="0"/>
  </file>
  <file path="C:\Users\fgrazian\Desktop\Lavoro\idpay-portal-welfare-frontend\src\model\__tests__\Party.test.ts">
    <testCase name="Test institutionResource2Party" duration="0"/>
  </file>
  <file path="C:\Users\fgrazian\Desktop\Lavoro\idpay-portal-welfare-frontend\src\model\__tests__\Product.test.ts">
    <testCase name="Test institutionInfo2Party" duration="1"/>
  </file>
</testExecutions>